<?xml version="1.0" encoding="UTF-8"?>
<!-- Generated by org.testng.reporters.JUnitXMLReporter -->
<testsuite hostname="DESKTOP-QHSV56J" ignored="0" name="BankingApp Test" tests="1" failures="1" timestamp="2023-03-29T00:51:54 IST" time="84.164" errors="0">
  <testcase name="loginTest" time="31.418" classname="com.inetbanking.testcase.TestCase_0001">
    <failure type="java.lang.AssertionError" message="expected [true] but found [false]">
      <![CDATA[java.lang.AssertionError: expected [true] but found [false]
at com.inetbanking.testcase.TestCase_0001.loginTest(TestCase_0001.java:32)
at java.util.ArrayList.forEach(ArrayList.java:1259)
... Removed 31 stack frames]]>
    </failure>
  </testcase> <!-- loginTest -->
</testsuite> <!-- BankingApp Test -->
